<?xml version="1.0" encoding="UTF-8"?>
<testng-results skipped="0" failed="0" total="1" passed="1">
  <reporter-output>
  </reporter-output>
  <suite name="Default suite" duration-ms="346" started-at="2020-01-19T08:13:19Z" finished-at="2020-01-19T08:13:20Z">
    <groups>
      <group name="cucumber">
        <method signature="AbstractTestNGCucumberTests.runScenario(cucumber.api.testng.PickleEventWrapper, cucumber.api.testng.CucumberFeatureWrapper)[pri:0, instance:runners.RunnerUsingTestng@2b98378d]" name="runScenario" class="cucumber.api.testng.AbstractTestNGCucumberTests"/>
      </group> <!-- cucumber -->
    </groups>
    <test name="Default test" duration-ms="346" started-at="2020-01-19T08:13:19Z" finished-at="2020-01-19T08:13:20Z">
      <class name="runners.RunnerUsingTestng">
        <test-method status="PASS" signature="setUpClass()[pri:0, instance:runners.RunnerUsingTestng@2b98378d]" name="setUpClass" is-config="true" duration-ms="90" started-at="2020-01-19T13:43:19Z" finished-at="2020-01-19T13:43:20Z">
          <reporter-output>
          </reporter-output>
        </test-method> <!-- setUpClass -->
        <test-method status="PASS" signature="runScenario(cucumber.api.testng.PickleEventWrapper, cucumber.api.testng.CucumberFeatureWrapper)[pri:0, instance:runners.RunnerUsingTestng@2b98378d]" name="runScenario" duration-ms="103" started-at="2020-01-19T13:43:20Z" description="Runs Cucumber Scenarios" data-provider="scenarios" finished-at="2020-01-19T13:43:20Z">
          <params>
            <param index="0">
              <value>
                <![CDATA["Check components of gmail homepage"]]>
              </value>
            </param>
            <param index="1">
              <value>
                <![CDATA["Related to homepage"]]>
              </value>
            </param>
          </params>
          <reporter-output>
          </reporter-output>
        </test-method> <!-- runScenario -->
        <test-method status="PASS" signature="tearDownClass()[pri:0, instance:runners.RunnerUsingTestng@2b98378d]" name="tearDownClass" is-config="true" duration-ms="108" started-at="2020-01-19T13:43:20Z" finished-at="2020-01-19T13:43:20Z">
          <reporter-output>
          </reporter-output>
        </test-method> <!-- tearDownClass -->
      </class> <!-- runners.RunnerUsingTestng -->
    </test> <!-- Default test -->
  </suite> <!-- Default suite -->
</testng-results>
